2015-10-07 13:37:38,068 [main] INFO  org.nrg.xft.XFT - WARNING: Data Type:wrk:abstractExecutionEnvironment has no columns which uniquely identify it.
2015-10-07 13:37:38,075 [main] INFO  org.nrg.xft.XFT - WARNING: Data Type:wrk:xnatExecutionEnvironment has no columns which uniquely identify it.
2015-10-07 13:37:38,430 [main] INFO  org.nrg.xft.XFT - WARNING: Data Type:cat:catalog has no columns which uniquely identify it.
2015-10-07 13:37:38,431 [main] INFO  org.nrg.xft.XFT - WARNING: Data Type:cat:catalog_metaField has no columns which uniquely identify it.
2015-10-07 13:37:38,432 [main] INFO  org.nrg.xft.XFT - WARNING: Data Type:cat:catalog_tag has no columns which uniquely identify it.
2015-10-07 13:37:38,432 [main] INFO  org.nrg.xft.XFT - WARNING: Data Type:cat:entry has no columns which uniquely identify it.
2015-10-07 13:37:38,448 [main] INFO  org.nrg.xft.XFT - WARNING: Data Type:cat:entry_metaField has no columns which uniquely identify it.
2015-10-07 13:37:38,448 [main] INFO  org.nrg.xft.XFT - WARNING: Data Type:cat:entry_tag has no columns which uniquely identify it.
2015-10-07 13:37:38,448 [main] INFO  org.nrg.xft.XFT - WARNING: Data Type:cat:dcmEntry has no columns which uniquely identify it.
2015-10-07 13:37:38,448 [main] INFO  org.nrg.xft.XFT - WARNING: Data Type:cat:dcmCatalog has no columns which uniquely identify it.
2015-10-07 13:37:38,760 [main] INFO  org.nrg.xft.XFT - WARNING: Data Type:pipe:PipelineRepository has no columns which uniquely identify it.
2015-10-07 13:37:38,760 [main] INFO  org.nrg.xft.XFT - WARNING: Data Type:pipe:pipelineDetails_element has no columns which uniquely identify it.
2015-10-07 13:37:38,760 [main] INFO  org.nrg.xft.XFT - WARNING: Data Type:pipe:pipelineDetails_parameter has no columns which uniquely identify it.
2015-10-07 13:37:39,062 [main] INFO  org.nrg.xft.XFT - WARNING: Data Type:arc:project_pipeline has no columns which uniquely identify it.
2015-10-07 13:37:39,063 [main] INFO  org.nrg.xft.XFT - WARNING: Data Type:arc:pathInfo has no columns which uniquely identify it.
2015-10-07 13:37:39,282 [main] INFO  org.nrg.xft.XFT - WARNING: Data Type:val:additionalVal has no columns which uniquely identify it.
2015-10-07 13:37:39,435 [main] INFO  org.nrg.xft.XFT - WARNING: Data Type:xnat:statisticsData has no columns which uniquely identify it.
2015-10-07 13:37:39,435 [main] INFO  org.nrg.xft.XFT - WARNING: Data Type:xnat:abstractStatistics has no columns which uniquely identify it.
2015-10-07 13:37:39,437 [main] INFO  org.nrg.xft.XFT - WARNING: Data Type:xnat:contrastBolus has no columns which uniquely identify it.
2015-10-07 13:37:43,054 [main] INFO  org.nrg.xdat.XDAT - Initializing Display Manager
2015-10-07 13:38:04,780 [main] INFO  org.nrg.xdat.search.QueryOrganizer - Connecting xnat_a:scidResearchData->xnat:subjectData->xnat:demographicData
2015-10-07 13:38:04,809 [main] INFO  org.nrg.xdat.search.QueryOrganizer - JOINING: xnat:subjectData/demographics to xnat:demographicData/abstractDemographicData
2015-10-07 13:38:04,891 [main] INFO  org.nrg.xdat.search.QueryOrganizer - Connecting xnat:subjectVariablesData->xnat:subjectData->xnat:demographicData
2015-10-07 13:38:04,891 [main] INFO  org.nrg.xdat.search.QueryOrganizer - JOINING: xnat:subjectData/demographics to xnat:demographicData/abstractDemographicData
2015-10-07 13:38:05,269 [main] INFO  org.nrg.xdat.search.QueryOrganizer - Connecting xnat:gmvSessionData->xnat:subjectData->xnat:demographicData
2015-10-07 13:38:05,270 [main] INFO  org.nrg.xdat.search.QueryOrganizer - JOINING: xnat:subjectData/demographics to xnat:demographicData/abstractDemographicData
2015-10-07 13:38:05,636 [main] INFO  org.nrg.xdat.search.QueryOrganizer - Connecting xnat:dxSessionData->xnat:subjectData->xnat:demographicData
2015-10-07 13:38:05,636 [main] INFO  org.nrg.xdat.search.QueryOrganizer - JOINING: xnat:subjectData/demographics to xnat:demographicData/abstractDemographicData
2015-10-07 13:38:05,973 [main] INFO  org.nrg.xdat.search.QueryOrganizer - Connecting xnat:otherDicomSessionData->xnat:subjectData->xnat:demographicData
2015-10-07 13:38:05,974 [main] INFO  org.nrg.xdat.search.QueryOrganizer - JOINING: xnat:subjectData/demographics to xnat:demographicData/abstractDemographicData
2015-10-07 13:38:06,398 [main] INFO  org.nrg.xdat.search.QueryOrganizer - Connecting xnat:megSessionData->xnat:subjectData->xnat:demographicData
2015-10-07 13:38:06,399 [main] INFO  org.nrg.xdat.search.QueryOrganizer - JOINING: xnat:subjectData/demographics to xnat:demographicData/abstractDemographicData
2015-10-07 13:38:06,876 [main] INFO  org.nrg.xdat.search.QueryOrganizer - Connecting xnat:dx3DCraniofacialSessionData->xnat:subjectData->xnat:demographicData
2015-10-07 13:38:06,877 [main] INFO  org.nrg.xdat.search.QueryOrganizer - JOINING: xnat:subjectData/demographics to xnat:demographicData/abstractDemographicData
2015-10-07 13:38:07,415 [main] INFO  org.nrg.xdat.search.QueryOrganizer - Connecting ext:segmentationFastData->xnat:subjectData->xnat:demographicData
2015-10-07 13:38:07,417 [main] INFO  org.nrg.xdat.search.QueryOrganizer - JOINING: xnat:subjectData/demographics to xnat:demographicData/abstractDemographicData
2015-10-07 13:38:07,992 [main] INFO  org.nrg.xdat.search.QueryOrganizer - Connecting xnat:crSessionData->xnat:subjectData->xnat:demographicData
2015-10-07 13:38:07,993 [main] INFO  org.nrg.xdat.search.QueryOrganizer - JOINING: xnat:subjectData/demographics to xnat:demographicData/abstractDemographicData
2015-10-07 13:38:08,050 [main] INFO  org.nrg.xdat.search.QueryOrganizer - Connecting ext:clinicalAssessmentData->xnat:subjectData->xnat:demographicData
2015-10-07 13:38:08,051 [main] INFO  org.nrg.xdat.search.QueryOrganizer - JOINING: xnat:subjectData/demographics to xnat:demographicData/abstractDemographicData
2015-10-07 13:38:08,573 [main] INFO  org.nrg.xdat.search.QueryOrganizer - Connecting xnat:esSessionData->xnat:subjectData->xnat:demographicData
2015-10-07 13:38:08,574 [main] INFO  org.nrg.xdat.search.QueryOrganizer - JOINING: xnat:subjectData/demographics to xnat:demographicData/abstractDemographicData
2015-10-07 13:38:08,584 [main] ERROR org.nrg.xdat.display.DisplayManager - Error in Display Document for 'xdat:user'.
No Such View Found. LAST_LOGOUT
2015-10-07 13:38:08,955 [main] INFO  org.nrg.xdat.search.QueryOrganizer - Connecting xnat:mrSessionData->xnat:subjectData->xnat:demographicData
2015-10-07 13:38:08,955 [main] INFO  org.nrg.xdat.search.QueryOrganizer - JOINING: xnat:subjectData/demographics to xnat:demographicData/abstractDemographicData
2015-10-07 13:38:09,129 [main] INFO  org.nrg.xdat.search.QueryOrganizer - Connecting ext:atlasScalingFactorData->xnat:subjectData->xnat:demographicData
2015-10-07 13:38:09,130 [main] INFO  org.nrg.xdat.search.QueryOrganizer - JOINING: xnat:subjectData/demographics to xnat:demographicData/abstractDemographicData
2015-10-07 13:38:09,611 [main] INFO  org.nrg.xdat.search.QueryOrganizer - Connecting xnat:xcSessionData->xnat:subjectData->xnat:demographicData
2015-10-07 13:38:09,612 [main] INFO  org.nrg.xdat.search.QueryOrganizer - JOINING: xnat:subjectData/demographics to xnat:demographicData/abstractDemographicData
2015-10-07 13:38:10,064 [main] INFO  org.nrg.xdat.search.QueryOrganizer - Connecting xnat:optSessionData->xnat:subjectData->xnat:demographicData
2015-10-07 13:38:10,065 [main] INFO  org.nrg.xdat.search.QueryOrganizer - JOINING: xnat:subjectData/demographics to xnat:demographicData/abstractDemographicData
2015-10-07 13:38:10,213 [main] INFO  org.nrg.xdat.search.QueryOrganizer - Connecting xnat_a:ygtssData->xnat:subjectData->xnat:demographicData
2015-10-07 13:38:10,214 [main] INFO  org.nrg.xdat.search.QueryOrganizer - JOINING: xnat:subjectData/demographics to xnat:demographicData/abstractDemographicData
2015-10-07 13:38:10,293 [main] INFO  org.nrg.xdat.search.QueryOrganizer - Connecting xnat_a:ybocsData->xnat:subjectData->xnat:demographicData
2015-10-07 13:38:10,294 [main] INFO  org.nrg.xdat.search.QueryOrganizer - JOINING: xnat:subjectData/demographics to xnat:demographicData/abstractDemographicData
2015-10-07 13:38:10,620 [main] INFO  org.nrg.xdat.search.QueryOrganizer - Connecting xnat:eegSessionData->xnat:subjectData->xnat:demographicData
2015-10-07 13:38:10,621 [main] INFO  org.nrg.xdat.search.QueryOrganizer - JOINING: xnat:subjectData/demographics to xnat:demographicData/abstractDemographicData
2015-10-07 13:38:10,633 [main] INFO  org.nrg.xdat.search.QueryOrganizer - JOINING: xnat:subjectData/demographics to xnat:demographicData/abstractDemographicData
2015-10-07 13:38:10,916 [main] INFO  org.nrg.xdat.search.QueryOrganizer - Connecting xnat:rfSessionData->xnat:subjectData->xnat:demographicData
2015-10-07 13:38:10,917 [main] INFO  org.nrg.xdat.search.QueryOrganizer - JOINING: xnat:subjectData/demographics to xnat:demographicData/abstractDemographicData
2015-10-07 13:38:11,253 [main] INFO  org.nrg.xdat.search.QueryOrganizer - Connecting xnat:nmSessionData->xnat:subjectData->xnat:demographicData
2015-10-07 13:38:11,254 [main] INFO  org.nrg.xdat.search.QueryOrganizer - JOINING: xnat:subjectData/demographics to xnat:demographicData/abstractDemographicData
2015-10-07 13:38:11,330 [main] INFO  org.nrg.xdat.search.QueryOrganizer - Connecting xnat_a:sideEffectsPittsburghData->xnat:subjectData->xnat:demographicData
2015-10-07 13:38:11,331 [main] INFO  org.nrg.xdat.search.QueryOrganizer - JOINING: xnat:subjectData/demographics to xnat:demographicData/abstractDemographicData
2015-10-07 13:38:11,680 [main] INFO  org.nrg.xdat.search.QueryOrganizer - Connecting xnat:petSessionData->xnat:subjectData->xnat:demographicData
2015-10-07 13:38:11,681 [main] INFO  org.nrg.xdat.search.QueryOrganizer - JOINING: xnat:subjectData/demographics to xnat:demographicData/abstractDemographicData
2015-10-07 13:38:12,012 [main] INFO  org.nrg.xdat.search.QueryOrganizer - Connecting xnat:gmSessionData->xnat:subjectData->xnat:demographicData
2015-10-07 13:38:12,013 [main] INFO  org.nrg.xdat.search.QueryOrganizer - JOINING: xnat:subjectData/demographics to xnat:demographicData/abstractDemographicData
2015-10-07 13:38:12,290 [main] INFO  org.nrg.xdat.search.QueryOrganizer - Connecting xnat:smSessionData->xnat:subjectData->xnat:demographicData
2015-10-07 13:38:12,291 [main] INFO  org.nrg.xdat.search.QueryOrganizer - JOINING: xnat:subjectData/demographics to xnat:demographicData/abstractDemographicData
2015-10-07 13:38:12,618 [main] INFO  org.nrg.xdat.search.QueryOrganizer - Connecting xnat:ctSessionData->xnat:subjectData->xnat:demographicData
2015-10-07 13:38:12,619 [main] INFO  org.nrg.xdat.search.QueryOrganizer - JOINING: xnat:subjectData/demographics to xnat:demographicData/abstractDemographicData
2015-10-07 13:38:12,925 [main] INFO  org.nrg.xdat.search.QueryOrganizer - Connecting xnat:ecgSessionData->xnat:subjectData->xnat:demographicData
2015-10-07 13:38:12,926 [main] INFO  org.nrg.xdat.search.QueryOrganizer - JOINING: xnat:subjectData/demographics to xnat:demographicData/abstractDemographicData
2015-10-07 13:38:13,212 [main] INFO  org.nrg.xdat.search.QueryOrganizer - Connecting xnat:mgSessionData->xnat:subjectData->xnat:demographicData
2015-10-07 13:38:13,213 [main] INFO  org.nrg.xdat.search.QueryOrganizer - JOINING: xnat:subjectData/demographics to xnat:demographicData/abstractDemographicData
2015-10-07 13:38:13,512 [main] INFO  org.nrg.xdat.search.QueryOrganizer - Connecting xnat:opSessionData->xnat:subjectData->xnat:demographicData
2015-10-07 13:38:13,513 [main] INFO  org.nrg.xdat.search.QueryOrganizer - JOINING: xnat:subjectData/demographics to xnat:demographicData/abstractDemographicData
2015-10-07 13:38:13,564 [main] INFO  org.nrg.xdat.search.QueryOrganizer - Connecting xnat_a:updrs3Data->xnat:subjectData->xnat:demographicData
2015-10-07 13:38:13,585 [main] INFO  org.nrg.xdat.search.QueryOrganizer - JOINING: xnat:subjectData/demographics to xnat:demographicData/abstractDemographicData
2015-10-07 13:38:13,772 [main] INFO  org.nrg.xdat.search.QueryOrganizer - Connecting xnat:qcAssessmentData->xnat:subjectData->xnat:demographicData
2015-10-07 13:38:13,772 [main] INFO  org.nrg.xdat.search.QueryOrganizer - JOINING: xnat:subjectData/demographics to xnat:demographicData/abstractDemographicData
2015-10-07 13:38:14,059 [main] INFO  org.nrg.xdat.search.QueryOrganizer - Connecting xnat:srSessionData->xnat:subjectData->xnat:demographicData
2015-10-07 13:38:14,059 [main] INFO  org.nrg.xdat.search.QueryOrganizer - JOINING: xnat:subjectData/demographics to xnat:demographicData/abstractDemographicData
2015-10-07 13:38:14,373 [main] INFO  org.nrg.xdat.search.QueryOrganizer - Connecting xnat:xaSessionData->xnat:subjectData->xnat:demographicData
2015-10-07 13:38:14,373 [main] INFO  org.nrg.xdat.search.QueryOrganizer - JOINING: xnat:subjectData/demographics to xnat:demographicData/abstractDemographicData
2015-10-07 13:38:15,078 [main] INFO  org.nrg.xdat.search.QueryOrganizer - Connecting xnat:usSessionData->xnat:subjectData->xnat:demographicData
2015-10-07 13:38:15,079 [main] INFO  org.nrg.xdat.search.QueryOrganizer - JOINING: xnat:subjectData/demographics to xnat:demographicData/abstractDemographicData
2015-10-07 13:38:15,322 [main] INFO  org.nrg.xdat.search.QueryOrganizer - Connecting xnat:xcvSessionData->xnat:subjectData->xnat:demographicData
2015-10-07 13:38:15,323 [main] INFO  org.nrg.xdat.search.QueryOrganizer - JOINING: xnat:subjectData/demographics to xnat:demographicData/abstractDemographicData
2015-10-07 13:38:15,540 [main] INFO  org.nrg.xdat.search.QueryOrganizer - Connecting xnat:esvSessionData->xnat:subjectData->xnat:demographicData
2015-10-07 13:38:15,541 [main] INFO  org.nrg.xdat.search.QueryOrganizer - JOINING: xnat:subjectData/demographics to xnat:demographicData/abstractDemographicData
2015-10-07 13:38:15,813 [main] INFO  org.nrg.xdat.search.QueryOrganizer - Connecting xnat:rtSessionData->xnat:subjectData->xnat:demographicData
2015-10-07 13:38:15,814 [main] INFO  org.nrg.xdat.search.QueryOrganizer - JOINING: xnat:subjectData/demographics to xnat:demographicData/abstractDemographicData
2015-10-07 13:38:16,088 [main] INFO  org.nrg.xdat.search.QueryOrganizer - Connecting xnat:epsSessionData->xnat:subjectData->xnat:demographicData
2015-10-07 13:38:16,089 [main] INFO  org.nrg.xdat.search.QueryOrganizer - JOINING: xnat:subjectData/demographics to xnat:demographicData/abstractDemographicData
2015-10-07 13:38:16,362 [main] INFO  org.nrg.xdat.search.QueryOrganizer - Connecting xnat:xa3DSessionData->xnat:subjectData->xnat:demographicData
2015-10-07 13:38:16,363 [main] INFO  org.nrg.xdat.search.QueryOrganizer - JOINING: xnat:subjectData/demographics to xnat:demographicData/abstractDemographicData
2015-10-07 13:38:16,624 [main] INFO  org.nrg.xdat.search.QueryOrganizer - Connecting xnat:ioSessionData->xnat:subjectData->xnat:demographicData
2015-10-07 13:38:16,624 [main] INFO  org.nrg.xdat.search.QueryOrganizer - JOINING: xnat:subjectData/demographics to xnat:demographicData/abstractDemographicData
2015-10-07 13:38:16,929 [main] INFO  org.nrg.xdat.search.QueryOrganizer - Connecting xnat:hdSessionData->xnat:subjectData->xnat:demographicData
2015-10-07 13:38:16,929 [main] INFO  org.nrg.xdat.search.QueryOrganizer - JOINING: xnat:subjectData/demographics to xnat:demographicData/abstractDemographicData
2015-10-07 13:38:17,192 [main] INFO  org.nrg.xdat.search.QueryOrganizer - Connecting xnat:petmrSessionData->xnat:subjectData->xnat:demographicData
2015-10-07 13:38:17,196 [main] INFO  org.nrg.xdat.search.QueryOrganizer - JOINING: xnat:subjectData/demographics to xnat:demographicData/abstractDemographicData
2015-10-07 13:38:17,253 [main] INFO  org.nrg.xdat.XDAT - File Created: /data/xnat/src/xnat-1.6.5/projects/xnat/sql/xnat-update.sql/
2015-10-07 13:38:28,606 [main] INFO  org.nrg.xft.XFT - WARNING: Data Type:wrk:abstractExecutionEnvironment has no columns which uniquely identify it.
2015-10-07 13:38:28,607 [main] INFO  org.nrg.xft.XFT - WARNING: Data Type:wrk:xnatExecutionEnvironment has no columns which uniquely identify it.
2015-10-07 13:38:28,824 [main] INFO  org.nrg.xft.XFT - WARNING: Data Type:cat:catalog has no columns which uniquely identify it.
2015-10-07 13:38:28,825 [main] INFO  org.nrg.xft.XFT - WARNING: Data Type:cat:catalog_metaField has no columns which uniquely identify it.
2015-10-07 13:38:28,845 [main] INFO  org.nrg.xft.XFT - WARNING: Data Type:cat:catalog_tag has no columns which uniquely identify it.
2015-10-07 13:38:28,845 [main] INFO  org.nrg.xft.XFT - WARNING: Data Type:cat:entry has no columns which uniquely identify it.
2015-10-07 13:38:28,846 [main] INFO  org.nrg.xft.XFT - WARNING: Data Type:cat:entry_metaField has no columns which uniquely identify it.
2015-10-07 13:38:28,846 [main] INFO  org.nrg.xft.XFT - WARNING: Data Type:cat:entry_tag has no columns which uniquely identify it.
2015-10-07 13:38:28,846 [main] INFO  org.nrg.xft.XFT - WARNING: Data Type:cat:dcmEntry has no columns which uniquely identify it.
2015-10-07 13:38:28,847 [main] INFO  org.nrg.xft.XFT - WARNING: Data Type:cat:dcmCatalog has no columns which uniquely identify it.
2015-10-07 13:38:29,156 [main] INFO  org.nrg.xft.XFT - WARNING: Data Type:pipe:PipelineRepository has no columns which uniquely identify it.
2015-10-07 13:38:29,157 [main] INFO  org.nrg.xft.XFT - WARNING: Data Type:pipe:pipelineDetails_element has no columns which uniquely identify it.
2015-10-07 13:38:29,157 [main] INFO  org.nrg.xft.XFT - WARNING: Data Type:pipe:pipelineDetails_parameter has no columns which uniquely identify it.
2015-10-07 13:38:29,420 [main] INFO  org.nrg.xft.XFT - WARNING: Data Type:arc:project_pipeline has no columns which uniquely identify it.
2015-10-07 13:38:29,421 [main] INFO  org.nrg.xft.XFT - WARNING: Data Type:arc:pathInfo has no columns which uniquely identify it.
2015-10-07 13:38:29,630 [main] INFO  org.nrg.xft.XFT - WARNING: Data Type:val:additionalVal has no columns which uniquely identify it.
2015-10-07 13:38:29,778 [main] INFO  org.nrg.xft.XFT - WARNING: Data Type:xnat:statisticsData has no columns which uniquely identify it.
2015-10-07 13:38:29,779 [main] INFO  org.nrg.xft.XFT - WARNING: Data Type:xnat:abstractStatistics has no columns which uniquely identify it.
2015-10-07 13:38:29,781 [main] INFO  org.nrg.xft.XFT - WARNING: Data Type:xnat:contrastBolus has no columns which uniquely identify it.
2015-10-07 13:38:33,278 [main] INFO  org.nrg.xdat.XDAT - Initializing Display Manager
2015-10-07 13:44:43,017 [main] INFO  org.nrg.xft.XFT - WARNING: Data Type:wrk:abstractExecutionEnvironment has no columns which uniquely identify it.
2015-10-07 13:44:43,018 [main] INFO  org.nrg.xft.XFT - WARNING: Data Type:wrk:xnatExecutionEnvironment has no columns which uniquely identify it.
2015-10-07 13:44:43,287 [main] INFO  org.nrg.xft.XFT - WARNING: Data Type:cat:catalog has no columns which uniquely identify it.
2015-10-07 13:44:43,287 [main] INFO  org.nrg.xft.XFT - WARNING: Data Type:cat:catalog_metaField has no columns which uniquely identify it.
2015-10-07 13:44:43,288 [main] INFO  org.nrg.xft.XFT - WARNING: Data Type:cat:catalog_tag has no columns which uniquely identify it.
2015-10-07 13:44:43,288 [main] INFO  org.nrg.xft.XFT - WARNING: Data Type:cat:entry has no columns which uniquely identify it.
2015-10-07 13:44:43,291 [main] INFO  org.nrg.xft.XFT - WARNING: Data Type:cat:entry_metaField has no columns which uniquely identify it.
2015-10-07 13:44:43,291 [main] INFO  org.nrg.xft.XFT - WARNING: Data Type:cat:entry_tag has no columns which uniquely identify it.
2015-10-07 13:44:43,291 [main] INFO  org.nrg.xft.XFT - WARNING: Data Type:cat:dcmEntry has no columns which uniquely identify it.
2015-10-07 13:44:43,292 [main] INFO  org.nrg.xft.XFT - WARNING: Data Type:cat:dcmCatalog has no columns which uniquely identify it.
2015-10-07 13:44:43,607 [main] INFO  org.nrg.xft.XFT - WARNING: Data Type:pipe:PipelineRepository has no columns which uniquely identify it.
2015-10-07 13:44:43,607 [main] INFO  org.nrg.xft.XFT - WARNING: Data Type:pipe:pipelineDetails_element has no columns which uniquely identify it.
2015-10-07 13:44:43,608 [main] INFO  org.nrg.xft.XFT - WARNING: Data Type:pipe:pipelineDetails_parameter has no columns which uniquely identify it.
2015-10-07 13:44:43,930 [main] INFO  org.nrg.xft.XFT - WARNING: Data Type:arc:project_pipeline has no columns which uniquely identify it.
2015-10-07 13:44:43,930 [main] INFO  org.nrg.xft.XFT - WARNING: Data Type:arc:pathInfo has no columns which uniquely identify it.
2015-10-07 13:44:44,142 [main] INFO  org.nrg.xft.XFT - WARNING: Data Type:val:additionalVal has no columns which uniquely identify it.
2015-10-07 13:44:44,292 [main] INFO  org.nrg.xft.XFT - WARNING: Data Type:xnat:statisticsData has no columns which uniquely identify it.
2015-10-07 13:44:44,292 [main] INFO  org.nrg.xft.XFT - WARNING: Data Type:xnat:abstractStatistics has no columns which uniquely identify it.
2015-10-07 13:44:44,294 [main] INFO  org.nrg.xft.XFT - WARNING: Data Type:xnat:contrastBolus has no columns which uniquely identify it.
2015-10-07 13:44:47,776 [main] INFO  org.nrg.xdat.XDAT - Initializing Display Manager
2015-10-07 13:45:08,233 [main] INFO  org.nrg.xdat.search.QueryOrganizer - Connecting xnat_a:scidResearchData->xnat:subjectData->xnat:demographicData
2015-10-07 13:45:08,258 [main] INFO  org.nrg.xdat.search.QueryOrganizer - JOINING: xnat:subjectData/demographics to xnat:demographicData/abstractDemographicData
2015-10-07 13:45:08,396 [main] INFO  org.nrg.xdat.search.QueryOrganizer - Connecting xnat:subjectVariablesData->xnat:subjectData->xnat:demographicData
2015-10-07 13:45:08,397 [main] INFO  org.nrg.xdat.search.QueryOrganizer - JOINING: xnat:subjectData/demographics to xnat:demographicData/abstractDemographicData
2015-10-07 13:45:09,067 [main] INFO  org.nrg.xdat.search.QueryOrganizer - Connecting xnat:gmvSessionData->xnat:subjectData->xnat:demographicData
2015-10-07 13:45:09,067 [main] INFO  org.nrg.xdat.search.QueryOrganizer - JOINING: xnat:subjectData/demographics to xnat:demographicData/abstractDemographicData
2015-10-07 13:45:09,857 [main] INFO  org.nrg.xdat.search.QueryOrganizer - Connecting xnat:dxSessionData->xnat:subjectData->xnat:demographicData
2015-10-07 13:45:09,857 [main] INFO  org.nrg.xdat.search.QueryOrganizer - JOINING: xnat:subjectData/demographics to xnat:demographicData/abstractDemographicData
2015-10-07 13:45:10,314 [main] INFO  org.nrg.xdat.search.QueryOrganizer - Connecting xnat:otherDicomSessionData->xnat:subjectData->xnat:demographicData
2015-10-07 13:45:10,314 [main] INFO  org.nrg.xdat.search.QueryOrganizer - JOINING: xnat:subjectData/demographics to xnat:demographicData/abstractDemographicData
2015-10-07 13:45:10,734 [main] INFO  org.nrg.xdat.search.QueryOrganizer - Connecting xnat:megSessionData->xnat:subjectData->xnat:demographicData
2015-10-07 13:45:10,734 [main] INFO  org.nrg.xdat.search.QueryOrganizer - JOINING: xnat:subjectData/demographics to xnat:demographicData/abstractDemographicData
2015-10-07 13:45:11,206 [main] INFO  org.nrg.xdat.search.QueryOrganizer - Connecting xnat:dx3DCraniofacialSessionData->xnat:subjectData->xnat:demographicData
2015-10-07 13:45:11,207 [main] INFO  org.nrg.xdat.search.QueryOrganizer - JOINING: xnat:subjectData/demographics to xnat:demographicData/abstractDemographicData
2015-10-07 13:45:11,482 [main] INFO  org.nrg.xdat.search.QueryOrganizer - Connecting ext:segmentationFastData->xnat:subjectData->xnat:demographicData
2015-10-07 13:45:11,508 [main] INFO  org.nrg.xdat.search.QueryOrganizer - JOINING: xnat:subjectData/demographics to xnat:demographicData/abstractDemographicData
2015-10-07 13:45:12,060 [main] INFO  org.nrg.xdat.search.QueryOrganizer - Connecting xnat:crSessionData->xnat:subjectData->xnat:demographicData
2015-10-07 13:45:12,061 [main] INFO  org.nrg.xdat.search.QueryOrganizer - JOINING: xnat:subjectData/demographics to xnat:demographicData/abstractDemographicData
2015-10-07 13:45:12,164 [main] INFO  org.nrg.xdat.search.QueryOrganizer - Connecting ext:clinicalAssessmentData->xnat:subjectData->xnat:demographicData
2015-10-07 13:45:12,165 [main] INFO  org.nrg.xdat.search.QueryOrganizer - JOINING: xnat:subjectData/demographics to xnat:demographicData/abstractDemographicData
2015-10-07 13:45:12,682 [main] INFO  org.nrg.xdat.search.QueryOrganizer - Connecting xnat:esSessionData->xnat:subjectData->xnat:demographicData
2015-10-07 13:45:12,683 [main] INFO  org.nrg.xdat.search.QueryOrganizer - JOINING: xnat:subjectData/demographics to xnat:demographicData/abstractDemographicData
2015-10-07 13:45:12,716 [main] ERROR org.nrg.xdat.display.DisplayManager - Error in Display Document for 'xdat:user'.
No Such View Found. LAST_LOGOUT
2015-10-07 13:45:13,097 [main] INFO  org.nrg.xdat.search.QueryOrganizer - Connecting xnat:mrSessionData->xnat:subjectData->xnat:demographicData
2015-10-07 13:45:13,098 [main] INFO  org.nrg.xdat.search.QueryOrganizer - JOINING: xnat:subjectData/demographics to xnat:demographicData/abstractDemographicData
2015-10-07 13:45:13,266 [main] INFO  org.nrg.xdat.search.QueryOrganizer - Connecting ext:atlasScalingFactorData->xnat:subjectData->xnat:demographicData
2015-10-07 13:45:13,266 [main] INFO  org.nrg.xdat.search.QueryOrganizer - JOINING: xnat:subjectData/demographics to xnat:demographicData/abstractDemographicData
2015-10-07 13:45:13,741 [main] INFO  org.nrg.xdat.search.QueryOrganizer - Connecting xnat:xcSessionData->xnat:subjectData->xnat:demographicData
2015-10-07 13:45:13,742 [main] INFO  org.nrg.xdat.search.QueryOrganizer - JOINING: xnat:subjectData/demographics to xnat:demographicData/abstractDemographicData
2015-10-07 13:45:14,291 [main] INFO  org.nrg.xdat.search.QueryOrganizer - Connecting xnat:optSessionData->xnat:subjectData->xnat:demographicData
2015-10-07 13:45:14,292 [main] INFO  org.nrg.xdat.search.QueryOrganizer - JOINING: xnat:subjectData/demographics to xnat:demographicData/abstractDemographicData
2015-10-07 13:45:14,431 [main] INFO  org.nrg.xdat.search.QueryOrganizer - Connecting xnat_a:ygtssData->xnat:subjectData->xnat:demographicData
2015-10-07 13:45:14,431 [main] INFO  org.nrg.xdat.search.QueryOrganizer - JOINING: xnat:subjectData/demographics to xnat:demographicData/abstractDemographicData
2015-10-07 13:45:14,517 [main] INFO  org.nrg.xdat.search.QueryOrganizer - Connecting xnat_a:ybocsData->xnat:subjectData->xnat:demographicData
2015-10-07 13:45:14,517 [main] INFO  org.nrg.xdat.search.QueryOrganizer - JOINING: xnat:subjectData/demographics to xnat:demographicData/abstractDemographicData
2015-10-07 13:45:14,944 [main] INFO  org.nrg.xdat.search.QueryOrganizer - Connecting xnat:eegSessionData->xnat:subjectData->xnat:demographicData
2015-10-07 13:45:14,945 [main] INFO  org.nrg.xdat.search.QueryOrganizer - JOINING: xnat:subjectData/demographics to xnat:demographicData/abstractDemographicData
2015-10-07 13:45:14,979 [main] INFO  org.nrg.xdat.search.QueryOrganizer - JOINING: xnat:subjectData/demographics to xnat:demographicData/abstractDemographicData
2015-10-07 13:45:15,439 [main] INFO  org.nrg.xdat.search.QueryOrganizer - Connecting xnat:rfSessionData->xnat:subjectData->xnat:demographicData
2015-10-07 13:45:15,440 [main] INFO  org.nrg.xdat.search.QueryOrganizer - JOINING: xnat:subjectData/demographics to xnat:demographicData/abstractDemographicData
2015-10-07 13:45:16,105 [main] INFO  org.nrg.xdat.search.QueryOrganizer - Connecting xnat:nmSessionData->xnat:subjectData->xnat:demographicData
2015-10-07 13:45:16,106 [main] INFO  org.nrg.xdat.search.QueryOrganizer - JOINING: xnat:subjectData/demographics to xnat:demographicData/abstractDemographicData
2015-10-07 13:45:16,234 [main] INFO  org.nrg.xdat.search.QueryOrganizer - Connecting xnat_a:sideEffectsPittsburghData->xnat:subjectData->xnat:demographicData
2015-10-07 13:45:16,235 [main] INFO  org.nrg.xdat.search.QueryOrganizer - JOINING: xnat:subjectData/demographics to xnat:demographicData/abstractDemographicData
2015-10-07 13:45:16,744 [main] INFO  org.nrg.xdat.search.QueryOrganizer - Connecting xnat:petSessionData->xnat:subjectData->xnat:demographicData
2015-10-07 13:45:16,745 [main] INFO  org.nrg.xdat.search.QueryOrganizer - JOINING: xnat:subjectData/demographics to xnat:demographicData/abstractDemographicData
2015-10-07 13:45:17,044 [main] INFO  org.nrg.xdat.search.QueryOrganizer - Connecting xnat:gmSessionData->xnat:subjectData->xnat:demographicData
2015-10-07 13:45:17,044 [main] INFO  org.nrg.xdat.search.QueryOrganizer - JOINING: xnat:subjectData/demographics to xnat:demographicData/abstractDemographicData
2015-10-07 13:45:17,291 [main] INFO  org.nrg.xdat.search.QueryOrganizer - Connecting xnat:smSessionData->xnat:subjectData->xnat:demographicData
2015-10-07 13:45:17,292 [main] INFO  org.nrg.xdat.search.QueryOrganizer - JOINING: xnat:subjectData/demographics to xnat:demographicData/abstractDemographicData
2015-10-07 13:45:17,575 [main] INFO  org.nrg.xdat.search.QueryOrganizer - Connecting xnat:ctSessionData->xnat:subjectData->xnat:demographicData
2015-10-07 13:45:17,576 [main] INFO  org.nrg.xdat.search.QueryOrganizer - JOINING: xnat:subjectData/demographics to xnat:demographicData/abstractDemographicData
2015-10-07 13:45:17,857 [main] INFO  org.nrg.xdat.search.QueryOrganizer - Connecting xnat:ecgSessionData->xnat:subjectData->xnat:demographicData
2015-10-07 13:45:17,859 [main] INFO  org.nrg.xdat.search.QueryOrganizer - JOINING: xnat:subjectData/demographics to xnat:demographicData/abstractDemographicData
2015-10-07 13:45:18,136 [main] INFO  org.nrg.xdat.search.QueryOrganizer - Connecting xnat:mgSessionData->xnat:subjectData->xnat:demographicData
2015-10-07 13:45:18,137 [main] INFO  org.nrg.xdat.search.QueryOrganizer - JOINING: xnat:subjectData/demographics to xnat:demographicData/abstractDemographicData
2015-10-07 13:45:18,378 [main] INFO  org.nrg.xdat.search.QueryOrganizer - Connecting xnat:opSessionData->xnat:subjectData->xnat:demographicData
2015-10-07 13:45:18,378 [main] INFO  org.nrg.xdat.search.QueryOrganizer - JOINING: xnat:subjectData/demographics to xnat:demographicData/abstractDemographicData
2015-10-07 13:45:18,456 [main] INFO  org.nrg.xdat.search.QueryOrganizer - Connecting xnat_a:updrs3Data->xnat:subjectData->xnat:demographicData
2015-10-07 13:45:18,457 [main] INFO  org.nrg.xdat.search.QueryOrganizer - JOINING: xnat:subjectData/demographics to xnat:demographicData/abstractDemographicData
2015-10-07 13:45:18,623 [main] INFO  org.nrg.xdat.search.QueryOrganizer - Connecting xnat:qcAssessmentData->xnat:subjectData->xnat:demographicData
2015-10-07 13:45:18,623 [main] INFO  org.nrg.xdat.search.QueryOrganizer - JOINING: xnat:subjectData/demographics to xnat:demographicData/abstractDemographicData
2015-10-07 13:45:18,936 [main] INFO  org.nrg.xdat.search.QueryOrganizer - Connecting xnat:srSessionData->xnat:subjectData->xnat:demographicData
2015-10-07 13:45:18,936 [main] INFO  org.nrg.xdat.search.QueryOrganizer - JOINING: xnat:subjectData/demographics to xnat:demographicData/abstractDemographicData
2015-10-07 13:45:19,226 [main] INFO  org.nrg.xdat.search.QueryOrganizer - Connecting xnat:xaSessionData->xnat:subjectData->xnat:demographicData
2015-10-07 13:45:19,227 [main] INFO  org.nrg.xdat.search.QueryOrganizer - JOINING: xnat:subjectData/demographics to xnat:demographicData/abstractDemographicData
2015-10-07 13:45:19,468 [main] INFO  org.nrg.xdat.search.QueryOrganizer - Connecting xnat:usSessionData->xnat:subjectData->xnat:demographicData
2015-10-07 13:45:19,469 [main] INFO  org.nrg.xdat.search.QueryOrganizer - JOINING: xnat:subjectData/demographics to xnat:demographicData/abstractDemographicData
2015-10-07 13:45:19,750 [main] INFO  org.nrg.xdat.search.QueryOrganizer - Connecting xnat:xcvSessionData->xnat:subjectData->xnat:demographicData
2015-10-07 13:45:19,751 [main] INFO  org.nrg.xdat.search.QueryOrganizer - JOINING: xnat:subjectData/demographics to xnat:demographicData/abstractDemographicData
2015-10-07 13:45:20,016 [main] INFO  org.nrg.xdat.search.QueryOrganizer - Connecting xnat:esvSessionData->xnat:subjectData->xnat:demographicData
2015-10-07 13:45:20,017 [main] INFO  org.nrg.xdat.search.QueryOrganizer - JOINING: xnat:subjectData/demographics to xnat:demographicData/abstractDemographicData
2015-10-07 13:45:20,261 [main] INFO  org.nrg.xdat.search.QueryOrganizer - Connecting xnat:rtSessionData->xnat:subjectData->xnat:demographicData
2015-10-07 13:45:20,262 [main] INFO  org.nrg.xdat.search.QueryOrganizer - JOINING: xnat:subjectData/demographics to xnat:demographicData/abstractDemographicData
2015-10-07 13:45:20,549 [main] INFO  org.nrg.xdat.search.QueryOrganizer - Connecting xnat:epsSessionData->xnat:subjectData->xnat:demographicData
2015-10-07 13:45:20,550 [main] INFO  org.nrg.xdat.search.QueryOrganizer - JOINING: xnat:subjectData/demographics to xnat:demographicData/abstractDemographicData
2015-10-07 13:45:20,828 [main] INFO  org.nrg.xdat.search.QueryOrganizer - Connecting xnat:xa3DSessionData->xnat:subjectData->xnat:demographicData
2015-10-07 13:45:20,829 [main] INFO  org.nrg.xdat.search.QueryOrganizer - JOINING: xnat:subjectData/demographics to xnat:demographicData/abstractDemographicData
2015-10-07 13:45:21,081 [main] INFO  org.nrg.xdat.search.QueryOrganizer - Connecting xnat:ioSessionData->xnat:subjectData->xnat:demographicData
2015-10-07 13:45:21,081 [main] INFO  org.nrg.xdat.search.QueryOrganizer - JOINING: xnat:subjectData/demographics to xnat:demographicData/abstractDemographicData
2015-10-07 13:45:21,297 [main] INFO  org.nrg.xdat.search.QueryOrganizer - Connecting xnat:hdSessionData->xnat:subjectData->xnat:demographicData
2015-10-07 13:45:21,302 [main] INFO  org.nrg.xdat.search.QueryOrganizer - JOINING: xnat:subjectData/demographics to xnat:demographicData/abstractDemographicData
2015-10-07 13:45:21,474 [main] INFO  org.nrg.xdat.search.QueryOrganizer - Connecting xnat:petmrSessionData->xnat:subjectData->xnat:demographicData
2015-10-07 13:45:21,475 [main] INFO  org.nrg.xdat.search.QueryOrganizer - JOINING: xnat:subjectData/demographics to xnat:demographicData/abstractDemographicData
2015-10-07 13:45:21,511 [main] INFO  org.nrg.xdat.XDAT - File Created: /data/xnat/src/xnat-1.6.5/projects/xnat/sql/xnat-update.sql/
2015-10-07 13:45:32,001 [main] INFO  org.nrg.xft.XFT - WARNING: Data Type:wrk:abstractExecutionEnvironment has no columns which uniquely identify it.
2015-10-07 13:45:32,003 [main] INFO  org.nrg.xft.XFT - WARNING: Data Type:wrk:xnatExecutionEnvironment has no columns which uniquely identify it.
2015-10-07 13:45:32,236 [main] INFO  org.nrg.xft.XFT - WARNING: Data Type:cat:catalog has no columns which uniquely identify it.
2015-10-07 13:45:32,237 [main] INFO  org.nrg.xft.XFT - WARNING: Data Type:cat:catalog_metaField has no columns which uniquely identify it.
2015-10-07 13:45:32,237 [main] INFO  org.nrg.xft.XFT - WARNING: Data Type:cat:catalog_tag has no columns which uniquely identify it.
2015-10-07 13:45:32,237 [main] INFO  org.nrg.xft.XFT - WARNING: Data Type:cat:entry has no columns which uniquely identify it.
2015-10-07 13:45:32,238 [main] INFO  org.nrg.xft.XFT - WARNING: Data Type:cat:entry_metaField has no columns which uniquely identify it.
2015-10-07 13:45:32,238 [main] INFO  org.nrg.xft.XFT - WARNING: Data Type:cat:entry_tag has no columns which uniquely identify it.
2015-10-07 13:45:32,238 [main] INFO  org.nrg.xft.XFT - WARNING: Data Type:cat:dcmEntry has no columns which uniquely identify it.
2015-10-07 13:45:32,239 [main] INFO  org.nrg.xft.XFT - WARNING: Data Type:cat:dcmCatalog has no columns which uniquely identify it.
2015-10-07 13:45:32,556 [main] INFO  org.nrg.xft.XFT - WARNING: Data Type:pipe:PipelineRepository has no columns which uniquely identify it.
2015-10-07 13:45:32,556 [main] INFO  org.nrg.xft.XFT - WARNING: Data Type:pipe:pipelineDetails_element has no columns which uniquely identify it.
2015-10-07 13:45:32,557 [main] INFO  org.nrg.xft.XFT - WARNING: Data Type:pipe:pipelineDetails_parameter has no columns which uniquely identify it.
2015-10-07 13:45:32,839 [main] INFO  org.nrg.xft.XFT - WARNING: Data Type:arc:project_pipeline has no columns which uniquely identify it.
2015-10-07 13:45:32,840 [main] INFO  org.nrg.xft.XFT - WARNING: Data Type:arc:pathInfo has no columns which uniquely identify it.
2015-10-07 13:45:33,054 [main] INFO  org.nrg.xft.XFT - WARNING: Data Type:val:additionalVal has no columns which uniquely identify it.
2015-10-07 13:45:33,204 [main] INFO  org.nrg.xft.XFT - WARNING: Data Type:xnat:statisticsData has no columns which uniquely identify it.
2015-10-07 13:45:33,204 [main] INFO  org.nrg.xft.XFT - WARNING: Data Type:xnat:abstractStatistics has no columns which uniquely identify it.
2015-10-07 13:45:33,206 [main] INFO  org.nrg.xft.XFT - WARNING: Data Type:xnat:contrastBolus has no columns which uniquely identify it.
2015-10-07 13:45:36,730 [main] INFO  org.nrg.xdat.XDAT - Initializing Display Manager
2015-10-07 13:46:02,594 [main] INFO  org.nrg.xft.XFT - WARNING: Data Type:wrk:abstractExecutionEnvironment has no columns which uniquely identify it.
2015-10-07 13:46:02,602 [main] INFO  org.nrg.xft.XFT - WARNING: Data Type:wrk:xnatExecutionEnvironment has no columns which uniquely identify it.
2015-10-07 13:46:02,869 [main] INFO  org.nrg.xft.XFT - WARNING: Data Type:cat:catalog has no columns which uniquely identify it.
2015-10-07 13:46:02,870 [main] INFO  org.nrg.xft.XFT - WARNING: Data Type:cat:catalog_metaField has no columns which uniquely identify it.
2015-10-07 13:46:02,870 [main] INFO  org.nrg.xft.XFT - WARNING: Data Type:cat:catalog_tag has no columns which uniquely identify it.
2015-10-07 13:46:02,870 [main] INFO  org.nrg.xft.XFT - WARNING: Data Type:cat:entry has no columns which uniquely identify it.
2015-10-07 13:46:02,872 [main] INFO  org.nrg.xft.XFT - WARNING: Data Type:cat:entry_metaField has no columns which uniquely identify it.
2015-10-07 13:46:02,872 [main] INFO  org.nrg.xft.XFT - WARNING: Data Type:cat:entry_tag has no columns which uniquely identify it.
2015-10-07 13:46:02,872 [main] INFO  org.nrg.xft.XFT - WARNING: Data Type:cat:dcmEntry has no columns which uniquely identify it.
2015-10-07 13:46:02,872 [main] INFO  org.nrg.xft.XFT - WARNING: Data Type:cat:dcmCatalog has no columns which uniquely identify it.
2015-10-07 13:46:03,236 [main] INFO  org.nrg.xft.XFT - WARNING: Data Type:pipe:PipelineRepository has no columns which uniquely identify it.
2015-10-07 13:46:03,236 [main] INFO  org.nrg.xft.XFT - WARNING: Data Type:pipe:pipelineDetails_element has no columns which uniquely identify it.
2015-10-07 13:46:03,237 [main] INFO  org.nrg.xft.XFT - WARNING: Data Type:pipe:pipelineDetails_parameter has no columns which uniquely identify it.
2015-10-07 13:46:03,517 [main] INFO  org.nrg.xft.XFT - WARNING: Data Type:arc:project_pipeline has no columns which uniquely identify it.
2015-10-07 13:46:03,518 [main] INFO  org.nrg.xft.XFT - WARNING: Data Type:arc:pathInfo has no columns which uniquely identify it.
2015-10-07 13:46:03,744 [main] INFO  org.nrg.xft.XFT - WARNING: Data Type:val:additionalVal has no columns which uniquely identify it.
2015-10-07 13:46:03,901 [main] INFO  org.nrg.xft.XFT - WARNING: Data Type:xnat:statisticsData has no columns which uniquely identify it.
2015-10-07 13:46:03,901 [main] INFO  org.nrg.xft.XFT - WARNING: Data Type:xnat:abstractStatistics has no columns which uniquely identify it.
2015-10-07 13:46:03,902 [main] INFO  org.nrg.xft.XFT - WARNING: Data Type:xnat:contrastBolus has no columns which uniquely identify it.
2015-10-07 13:46:07,598 [main] INFO  org.nrg.xdat.XDAT - Initializing Display Manager
2015-10-07 13:46:14,134 [main] INFO  org.nrg.xdat.search.QueryOrganizer - Connecting xnat_a:scidResearchData->xnat:subjectData->xnat:demographicData
2015-10-07 13:46:14,138 [main] INFO  org.nrg.xdat.search.QueryOrganizer - JOINING: xnat:subjectData/demographics to xnat:demographicData/abstractDemographicData
2015-10-07 13:46:14,292 [main] INFO  org.nrg.xdat.search.QueryOrganizer - Connecting xnat:subjectVariablesData->xnat:subjectData->xnat:demographicData
2015-10-07 13:46:14,292 [main] INFO  org.nrg.xdat.search.QueryOrganizer - JOINING: xnat:subjectData/demographics to xnat:demographicData/abstractDemographicData
2015-10-07 13:46:15,045 [main] INFO  org.nrg.xdat.search.QueryOrganizer - Connecting xnat:gmvSessionData->xnat:subjectData->xnat:demographicData
2015-10-07 13:46:15,046 [main] INFO  org.nrg.xdat.search.QueryOrganizer - JOINING: xnat:subjectData/demographics to xnat:demographicData/abstractDemographicData
2015-10-07 13:46:15,658 [main] INFO  org.nrg.xdat.search.QueryOrganizer - Connecting xnat:dxSessionData->xnat:subjectData->xnat:demographicData
2015-10-07 13:46:15,659 [main] INFO  org.nrg.xdat.search.QueryOrganizer - JOINING: xnat:subjectData/demographics to xnat:demographicData/abstractDemographicData
2015-10-07 13:46:16,224 [main] INFO  org.nrg.xdat.search.QueryOrganizer - Connecting xnat:otherDicomSessionData->xnat:subjectData->xnat:demographicData
2015-10-07 13:46:16,224 [main] INFO  org.nrg.xdat.search.QueryOrganizer - JOINING: xnat:subjectData/demographics to xnat:demographicData/abstractDemographicData
2015-10-07 13:46:16,819 [main] INFO  org.nrg.xdat.search.QueryOrganizer - Connecting xnat:megSessionData->xnat:subjectData->xnat:demographicData
2015-10-07 13:46:16,820 [main] INFO  org.nrg.xdat.search.QueryOrganizer - JOINING: xnat:subjectData/demographics to xnat:demographicData/abstractDemographicData
2015-10-07 13:46:17,258 [main] INFO  org.nrg.xdat.search.QueryOrganizer - Connecting xnat:dx3DCraniofacialSessionData->xnat:subjectData->xnat:demographicData
2015-10-07 13:46:17,259 [main] INFO  org.nrg.xdat.search.QueryOrganizer - JOINING: xnat:subjectData/demographics to xnat:demographicData/abstractDemographicData
2015-10-07 13:46:17,383 [main] INFO  org.nrg.xdat.search.QueryOrganizer - Connecting ext:segmentationFastData->xnat:subjectData->xnat:demographicData
2015-10-07 13:46:17,388 [main] INFO  org.nrg.xdat.search.QueryOrganizer - JOINING: xnat:subjectData/demographics to xnat:demographicData/abstractDemographicData
2015-10-07 13:46:17,534 [main] INFO  org.nrg.xdat.search.QueryOrganizer - Connecting xnat:crSessionData->xnat:subjectData->xnat:demographicData
2015-10-07 13:46:17,535 [main] INFO  org.nrg.xdat.search.QueryOrganizer - JOINING: xnat:subjectData/demographics to xnat:demographicData/abstractDemographicData
2015-10-07 13:46:17,556 [main] INFO  org.nrg.xdat.search.QueryOrganizer - Connecting ext:clinicalAssessmentData->xnat:subjectData->xnat:demographicData
2015-10-07 13:46:17,557 [main] INFO  org.nrg.xdat.search.QueryOrganizer - JOINING: xnat:subjectData/demographics to xnat:demographicData/abstractDemographicData
2015-10-07 13:46:17,662 [main] INFO  org.nrg.xdat.search.QueryOrganizer - Connecting xnat:esSessionData->xnat:subjectData->xnat:demographicData
2015-10-07 13:46:17,663 [main] INFO  org.nrg.xdat.search.QueryOrganizer - JOINING: xnat:subjectData/demographics to xnat:demographicData/abstractDemographicData
2015-10-07 13:46:17,670 [main] ERROR org.nrg.xdat.display.DisplayManager - Error in Display Document for 'xdat:user'.
No Such View Found. LAST_LOGOUT
2015-10-07 13:46:17,791 [main] INFO  org.nrg.xdat.search.QueryOrganizer - Connecting xnat:mrSessionData->xnat:subjectData->xnat:demographicData
2015-10-07 13:46:17,792 [main] INFO  org.nrg.xdat.search.QueryOrganizer - JOINING: xnat:subjectData/demographics to xnat:demographicData/abstractDemographicData
2015-10-07 13:46:17,875 [main] INFO  org.nrg.xdat.search.QueryOrganizer - Connecting ext:atlasScalingFactorData->xnat:subjectData->xnat:demographicData
2015-10-07 13:46:17,875 [main] INFO  org.nrg.xdat.search.QueryOrganizer - JOINING: xnat:subjectData/demographics to xnat:demographicData/abstractDemographicData
2015-10-07 13:46:18,108 [main] INFO  org.nrg.xdat.search.QueryOrganizer - Connecting xnat:xcSessionData->xnat:subjectData->xnat:demographicData
2015-10-07 13:46:18,109 [main] INFO  org.nrg.xdat.search.QueryOrganizer - JOINING: xnat:subjectData/demographics to xnat:demographicData/abstractDemographicData
2015-10-07 13:46:18,467 [main] INFO  org.nrg.xdat.search.QueryOrganizer - Connecting xnat:optSessionData->xnat:subjectData->xnat:demographicData
2015-10-07 13:46:18,467 [main] INFO  org.nrg.xdat.search.QueryOrganizer - JOINING: xnat:subjectData/demographics to xnat:demographicData/abstractDemographicData
2015-10-07 13:46:18,546 [main] INFO  org.nrg.xdat.search.QueryOrganizer - Connecting xnat_a:ygtssData->xnat:subjectData->xnat:demographicData
2015-10-07 13:46:18,546 [main] INFO  org.nrg.xdat.search.QueryOrganizer - JOINING: xnat:subjectData/demographics to xnat:demographicData/abstractDemographicData
2015-10-07 13:46:18,630 [main] INFO  org.nrg.xdat.search.QueryOrganizer - Connecting xnat_a:ybocsData->xnat:subjectData->xnat:demographicData
2015-10-07 13:46:18,630 [main] INFO  org.nrg.xdat.search.QueryOrganizer - JOINING: xnat:subjectData/demographics to xnat:demographicData/abstractDemographicData
2015-10-07 13:46:18,909 [main] INFO  org.nrg.xdat.search.QueryOrganizer - Connecting xnat:eegSessionData->xnat:subjectData->xnat:demographicData
2015-10-07 13:46:18,910 [main] INFO  org.nrg.xdat.search.QueryOrganizer - JOINING: xnat:subjectData/demographics to xnat:demographicData/abstractDemographicData
2015-10-07 13:46:18,931 [main] INFO  org.nrg.xdat.search.QueryOrganizer - JOINING: xnat:subjectData/demographics to xnat:demographicData/abstractDemographicData
2015-10-07 13:46:19,118 [main] INFO  org.nrg.xdat.search.QueryOrganizer - Connecting xnat:rfSessionData->xnat:subjectData->xnat:demographicData
2015-10-07 13:46:19,122 [main] INFO  org.nrg.xdat.search.QueryOrganizer - JOINING: xnat:subjectData/demographics to xnat:demographicData/abstractDemographicData
2015-10-07 13:46:19,424 [main] INFO  org.nrg.xdat.search.QueryOrganizer - Connecting xnat:nmSessionData->xnat:subjectData->xnat:demographicData
2015-10-07 13:46:19,425 [main] INFO  org.nrg.xdat.search.QueryOrganizer - JOINING: xnat:subjectData/demographics to xnat:demographicData/abstractDemographicData
2015-10-07 13:46:19,510 [main] INFO  org.nrg.xdat.search.QueryOrganizer - Connecting xnat_a:sideEffectsPittsburghData->xnat:subjectData->xnat:demographicData
2015-10-07 13:46:19,511 [main] INFO  org.nrg.xdat.search.QueryOrganizer - JOINING: xnat:subjectData/demographics to xnat:demographicData/abstractDemographicData
2015-10-07 13:46:19,811 [main] INFO  org.nrg.xdat.search.QueryOrganizer - Connecting xnat:petSessionData->xnat:subjectData->xnat:demographicData
2015-10-07 13:46:19,812 [main] INFO  org.nrg.xdat.search.QueryOrganizer - JOINING: xnat:subjectData/demographics to xnat:demographicData/abstractDemographicData
2015-10-07 13:46:19,906 [main] INFO  org.nrg.xdat.search.QueryOrganizer - Connecting xnat:gmSessionData->xnat:subjectData->xnat:demographicData
2015-10-07 13:46:19,906 [main] INFO  org.nrg.xdat.search.QueryOrganizer - JOINING: xnat:subjectData/demographics to xnat:demographicData/abstractDemographicData
2015-10-07 13:46:19,998 [main] INFO  org.nrg.xdat.search.QueryOrganizer - Connecting xnat:smSessionData->xnat:subjectData->xnat:demographicData
2015-10-07 13:46:19,998 [main] INFO  org.nrg.xdat.search.QueryOrganizer - JOINING: xnat:subjectData/demographics to xnat:demographicData/abstractDemographicData
2015-10-07 13:46:20,102 [main] INFO  org.nrg.xdat.search.QueryOrganizer - Connecting xnat:ctSessionData->xnat:subjectData->xnat:demographicData
2015-10-07 13:46:20,102 [main] INFO  org.nrg.xdat.search.QueryOrganizer - JOINING: xnat:subjectData/demographics to xnat:demographicData/abstractDemographicData
2015-10-07 13:46:20,198 [main] INFO  org.nrg.xdat.search.QueryOrganizer - Connecting xnat:ecgSessionData->xnat:subjectData->xnat:demographicData
2015-10-07 13:46:20,199 [main] INFO  org.nrg.xdat.search.QueryOrganizer - JOINING: xnat:subjectData/demographics to xnat:demographicData/abstractDemographicData
2015-10-07 13:46:20,293 [main] INFO  org.nrg.xdat.search.QueryOrganizer - Connecting xnat:mgSessionData->xnat:subjectData->xnat:demographicData
2015-10-07 13:46:20,294 [main] INFO  org.nrg.xdat.search.QueryOrganizer - JOINING: xnat:subjectData/demographics to xnat:demographicData/abstractDemographicData
2015-10-07 13:46:20,385 [main] INFO  org.nrg.xdat.search.QueryOrganizer - Connecting xnat:opSessionData->xnat:subjectData->xnat:demographicData
2015-10-07 13:46:20,386 [main] INFO  org.nrg.xdat.search.QueryOrganizer - JOINING: xnat:subjectData/demographics to xnat:demographicData/abstractDemographicData
2015-10-07 13:46:20,437 [main] INFO  org.nrg.xdat.search.QueryOrganizer - Connecting xnat_a:updrs3Data->xnat:subjectData->xnat:demographicData
2015-10-07 13:46:20,437 [main] INFO  org.nrg.xdat.search.QueryOrganizer - JOINING: xnat:subjectData/demographics to xnat:demographicData/abstractDemographicData
2015-10-07 13:46:20,509 [main] INFO  org.nrg.xdat.search.QueryOrganizer - Connecting xnat:qcAssessmentData->xnat:subjectData->xnat:demographicData
2015-10-07 13:46:20,510 [main] INFO  org.nrg.xdat.search.QueryOrganizer - JOINING: xnat:subjectData/demographics to xnat:demographicData/abstractDemographicData
2015-10-07 13:46:20,611 [main] INFO  org.nrg.xdat.search.QueryOrganizer - Connecting xnat:srSessionData->xnat:subjectData->xnat:demographicData
2015-10-07 13:46:20,612 [main] INFO  org.nrg.xdat.search.QueryOrganizer - JOINING: xnat:subjectData/demographics to xnat:demographicData/abstractDemographicData
2015-10-07 13:46:20,720 [main] INFO  org.nrg.xdat.search.QueryOrganizer - Connecting xnat:xaSessionData->xnat:subjectData->xnat:demographicData
2015-10-07 13:46:20,721 [main] INFO  org.nrg.xdat.search.QueryOrganizer - JOINING: xnat:subjectData/demographics to xnat:demographicData/abstractDemographicData
2015-10-07 13:46:20,812 [main] INFO  org.nrg.xdat.search.QueryOrganizer - Connecting xnat:usSessionData->xnat:subjectData->xnat:demographicData
2015-10-07 13:46:20,813 [main] INFO  org.nrg.xdat.search.QueryOrganizer - JOINING: xnat:subjectData/demographics to xnat:demographicData/abstractDemographicData
2015-10-07 13:46:20,905 [main] INFO  org.nrg.xdat.search.QueryOrganizer - Connecting xnat:xcvSessionData->xnat:subjectData->xnat:demographicData
2015-10-07 13:46:20,906 [main] INFO  org.nrg.xdat.search.QueryOrganizer - JOINING: xnat:subjectData/demographics to xnat:demographicData/abstractDemographicData
2015-10-07 13:46:20,998 [main] INFO  org.nrg.xdat.search.QueryOrganizer - Connecting xnat:esvSessionData->xnat:subjectData->xnat:demographicData
2015-10-07 13:46:20,999 [main] INFO  org.nrg.xdat.search.QueryOrganizer - JOINING: xnat:subjectData/demographics to xnat:demographicData/abstractDemographicData
2015-10-07 13:46:21,095 [main] INFO  org.nrg.xdat.search.QueryOrganizer - Connecting xnat:rtSessionData->xnat:subjectData->xnat:demographicData
2015-10-07 13:46:21,096 [main] INFO  org.nrg.xdat.search.QueryOrganizer - JOINING: xnat:subjectData/demographics to xnat:demographicData/abstractDemographicData
2015-10-07 13:46:21,269 [main] INFO  org.nrg.xdat.search.QueryOrganizer - Connecting xnat:epsSessionData->xnat:subjectData->xnat:demographicData
2015-10-07 13:46:21,270 [main] INFO  org.nrg.xdat.search.QueryOrganizer - JOINING: xnat:subjectData/demographics to xnat:demographicData/abstractDemographicData
2015-10-07 13:46:21,362 [main] INFO  org.nrg.xdat.search.QueryOrganizer - Connecting xnat:xa3DSessionData->xnat:subjectData->xnat:demographicData
2015-10-07 13:46:21,362 [main] INFO  org.nrg.xdat.search.QueryOrganizer - JOINING: xnat:subjectData/demographics to xnat:demographicData/abstractDemographicData
2015-10-07 13:46:21,465 [main] INFO  org.nrg.xdat.search.QueryOrganizer - Connecting xnat:ioSessionData->xnat:subjectData->xnat:demographicData
2015-10-07 13:46:21,466 [main] INFO  org.nrg.xdat.search.QueryOrganizer - JOINING: xnat:subjectData/demographics to xnat:demographicData/abstractDemographicData
2015-10-07 13:46:21,593 [main] INFO  org.nrg.xdat.search.QueryOrganizer - Connecting xnat:hdSessionData->xnat:subjectData->xnat:demographicData
2015-10-07 13:46:21,594 [main] INFO  org.nrg.xdat.search.QueryOrganizer - JOINING: xnat:subjectData/demographics to xnat:demographicData/abstractDemographicData
2015-10-07 13:46:21,690 [main] INFO  org.nrg.xdat.search.QueryOrganizer - Connecting xnat:petmrSessionData->xnat:subjectData->xnat:demographicData
2015-10-07 13:46:21,691 [main] INFO  org.nrg.xdat.search.QueryOrganizer - JOINING: xnat:subjectData/demographics to xnat:demographicData/abstractDemographicData
2015-10-07 13:46:26,923 [main] INFO  org.nrg.xdat.XDAT - File Created: /data/xnat/src/xnat-1.6.5/projects/xnat/sql/xnat.sql
